generated-build/intermediates/manifest_merge_blame_file/sctmobileDebug/manifest-merger-blame-sctmobile-debug-report.txt
1<?xml version="1.0" encoding="utf-8"?>
2<manifest xmlns:android="http://schemas.android.com/apk/res/android"
3    package="com.clevel.goldinvest.android"
4    android:versionCode="1"
5    android:versionName="1.0" >
6
7    <uses-sdk
8        android:minSdkVersion="28"
8-->src\main\AndroidManifest.xml
9        android:targetSdkVersion="32" />
9-->src\main\AndroidManifest.xml
10
11    <uses-permission android:name="android.permission.RECEIVE_BOOT_COMPLETED" />
11-->src\main\AndroidManifest.xml:6:5-81
11-->src\main\AndroidManifest.xml:6:22-78
12    <uses-permission android:name="android.permission.RECEIVE_WAP_PUSH" />
12-->src\main\AndroidManifest.xml:7:5-75
12-->src\main\AndroidManifest.xml:7:22-72
13    <uses-permission android:name="android.permission.INTERNET" />
13-->src\main\AndroidManifest.xml:8:5-67
13-->src\main\AndroidManifest.xml:8:22-64
14    <uses-permission android:name="android.permission.VIBRATE" />
14-->src\main\AndroidManifest.xml:9:5-66
14-->src\main\AndroidManifest.xml:9:22-63
15    <uses-permission android:name="com.google.android.providers.gsf.permission.READ_GSERVICES" />
15-->src\main\AndroidManifest.xml:10:5-98
15-->src\main\AndroidManifest.xml:10:22-95
16    <uses-permission android:name="android.permission.ACCESS_COARSE_LOCATION" />
16-->src\main\AndroidManifest.xml:11:5-81
16-->src\main\AndroidManifest.xml:11:22-78
17    <uses-permission android:name="android.permission.ACCESS_FINE_LOCATION" />
17-->src\main\AndroidManifest.xml:12:5-79
17-->src\main\AndroidManifest.xml:12:22-76
18    <uses-permission android:name="android.permission.CALL_PHONE" />
18-->src\main\AndroidManifest.xml:13:5-69
18-->src\main\AndroidManifest.xml:13:22-66
19    <uses-permission android:name="android.permission.READ_EXTERNAL_STORAGE" />
19-->src\main\AndroidManifest.xml:14:5-80
19-->src\main\AndroidManifest.xml:14:22-77
20    <uses-permission android:name="android.permission.WRITE_EXTERNAL_STORAGE" />
20-->src\main\AndroidManifest.xml:15:5-17:40
20-->src\main\AndroidManifest.xml:16:9-65
21    <uses-permission android:name="android.permission.CAMERA" />
21-->src\main\AndroidManifest.xml:18:5-65
21-->src\main\AndroidManifest.xml:18:22-62
22    <uses-permission android:name="android.permission.ACCESS_NETWORK_STATE" />
22-->src\main\AndroidManifest.xml:19:5-79
22-->src\main\AndroidManifest.xml:19:22-76
23    <uses-permission android:name="android.permission.ACCESS_WIFI_STATE" />
23-->src\main\AndroidManifest.xml:20:5-76
23-->src\main\AndroidManifest.xml:20:22-73
24    <uses-permission android:name="android.permission.MEDIA_CONTENT_CONTROL" />
24-->src\main\AndroidManifest.xml:21:5-23:47
24-->src\main\AndroidManifest.xml:22:9-64
25    <uses-permission android:name="android.permission.VIBRATE" />
25-->src\main\AndroidManifest.xml:9:5-66
25-->src\main\AndroidManifest.xml:9:22-63
26    <uses-permission android:name="android.permission.USE_BIOMETRIC" />
26-->src\main\AndroidManifest.xml:25:5-72
26-->src\main\AndroidManifest.xml:25:22-69
27    <uses-permission android:name="android.permission.ACCESS_NOTIFICATION_POLICY" />
27-->src\main\AndroidManifest.xml:26:5-85
27-->src\main\AndroidManifest.xml:26:22-82
28    <uses-permission android:name="android.permission.USE_FINGERPRINT" />
28-->src\main\AndroidManifest.xml:27:5-74
28-->src\main\AndroidManifest.xml:27:22-71
29    <uses-permission android:name="com.google.android.c2dm.permission.RECEIVE" />
29-->src\main\AndroidManifest.xml:28:5-82
29-->src\main\AndroidManifest.xml:28:22-79
30    <uses-permission android:name="android.permission.WAKE_LOCK" />
30-->src\main\AndroidManifest.xml:29:5-68
30-->src\main\AndroidManifest.xml:29:22-65
31    <uses-permission android:name="android.permission.READ_PHONE_STATE" />
31-->src\main\AndroidManifest.xml:30:5-75
31-->src\main\AndroidManifest.xml:30:22-72
32    <uses-permission android:name="android.permission.BIND_NOTIFICATION_LISTENER_SERVICE" />
32-->src\main\AndroidManifest.xml:31:5-32:47
32-->src\main\AndroidManifest.xml:31:22-90
33    <!-- Samsung -->
34    <uses-permission android:name="com.sec.android.provider.badge.permission.READ" />
34-->src\main\AndroidManifest.xml:34:5-86
34-->src\main\AndroidManifest.xml:34:22-83
35    <uses-permission android:name="com.sec.android.provider.badge.permission.WRITE" />
35-->src\main\AndroidManifest.xml:35:5-87
35-->src\main\AndroidManifest.xml:35:22-84
36
37    <!-- Sony -->
38    <uses-permission android:name="com.sonyericsson.home.permission.BROADCAST_BADGE" />
38-->src\main\AndroidManifest.xml:38:5-88
38-->src\main\AndroidManifest.xml:38:22-85
39
40    <!-- HTC -->
41    <uses-permission android:name="com.htc.launcher.permission.READ_SETTINGS" />
41-->src\main\AndroidManifest.xml:41:5-81
41-->src\main\AndroidManifest.xml:41:22-78
42    <uses-permission android:name="com.htc.launcher.permission.UPDATE_SHORTCUT" />
42-->src\main\AndroidManifest.xml:42:5-83
42-->src\main\AndroidManifest.xml:42:22-80
43
44    <uses-feature
44-->src\main\AndroidManifest.xml:44:5-45:34
45        android:glEsVersion="0x00020000"
45-->src\main\AndroidManifest.xml:44:19-51
46        android:required="true" />
46-->src\main\AndroidManifest.xml:45:9-32
47    <uses-feature android:name="android.hardware.screen.portrait" />
47-->src\main\AndroidManifest.xml:46:5-69
47-->src\main\AndroidManifest.xml:46:19-66
48    <uses-feature android:name="android.hardware.location.gps" />
48-->src\main\AndroidManifest.xml:47:5-66
48-->src\main\AndroidManifest.xml:47:19-63
49    <uses-feature
49-->src\main\AndroidManifest.xml:48:5-50:36
50        android:name="android.hardware.camera"
50-->src\main\AndroidManifest.xml:49:9-47
51        android:required="false" />
51-->src\main\AndroidManifest.xml:50:9-33
52
53    <!-- To allow starting foreground services on Android P+ - https://developer.android.com/preview/behavior-changes#fg-svc -->
54    <uses-permission android:name="android.permission.FOREGROUND_SERVICE" />
54-->[com.squareup.leakcanary:leakcanary-android:1.6.2] AndroidManifest.xml:26:5-77
54-->[com.squareup.leakcanary:leakcanary-android:1.6.2] AndroidManifest.xml:26:22-74
55    <uses-permission android:name="com.google.android.finsky.permission.BIND_GET_INSTALL_REFERRER_SERVICE" />
55-->[com.google.android.gms:play-services-measurement:18.0.2] AndroidManifest.xml:26:5-110
55-->[com.google.android.gms:play-services-measurement:18.0.2] AndroidManifest.xml:26:22-107
56
57    <application
57-->src\main\AndroidManifest.xml:52:5-213:19
58        android:allowBackup="true"
58-->src\main\AndroidManifest.xml:53:9-35
59        android:allowClearUserData="true"
59-->src\main\AndroidManifest.xml:54:9-42
60        android:appComponentFactory="androidx.core.app.CoreComponentFactory"
60-->[androidx.core:core:1.3.2] AndroidManifest.xml:24:18-86
61        android:configChanges="locale"
61-->src\main\AndroidManifest.xml:66:9-39
62        android:debuggable="true"
63        android:extractNativeLibs="false"
64        android:icon="@mipmap/ic_launcher"
64-->src\main\AndroidManifest.xml:55:9-43
65        android:label=""
65-->src\main\AndroidManifest.xml:56:9-25
66        android:launchMode="singleInstance"
66-->src\main\AndroidManifest.xml:57:9-44
67        android:networkSecurityConfig="@xml/network_security_config"
67-->src\main\AndroidManifest.xml:58:9-69
68        android:noHistory="true"
68-->src\main\AndroidManifest.xml:59:9-33
69        android:requestLegacyExternalStorage="true"
69-->src\main\AndroidManifest.xml:60:9-52
70        android:roundIcon="@mipmap/ic_launcher_round"
70-->src\main\AndroidManifest.xml:61:9-54
71        android:supportsRtl="true"
71-->src\main\AndroidManifest.xml:62:9-35
72        android:theme="@style/AppTheme"
72-->src\main\AndroidManifest.xml:63:9-40
73        android:usesCleartextTraffic="true" >
73-->src\main\AndroidManifest.xml:64:9-44
74        <uses-library
74-->src\main\AndroidManifest.xml:67:9-88
75            android:name="org.apache.http.legacy"
75-->src\main\AndroidManifest.xml:67:23-60
76            android:required="false" />
76-->src\main\AndroidManifest.xml:67:61-85
77
78        <!-- &lt;!&ndash;        <meta-data&ndash;&gt; -->
79        <!-- &lt;!&ndash;            android:name="com.clevel.goldinvest.android.MORE_MENU_VISIBLE"&ndash;&gt; -->
80        <!-- &lt;!&ndash;            android:value="${MORE_MENU_LIST}" tools:replace="android:value"/>&ndash;&gt; -->
81        <!-- <meta-data -->
82        <!-- android:name="com.google.android.gms.version" -->
83        <!-- android:value="12451000" tools:replace="android:value"/> -->
84        <!-- <meta-data -->
85        <!-- android:name="com.google.android.geo.API_KE" -->
86        <!-- android:value="AIzaSyBPGOFKmVqKEuuti6l0CG2-blgRJBafQH4"/> -->
87        <!-- <meta-data -->
88        <!-- android:name="com.clevel.goldinvest.android.SECURITY_BASE_URL" -->
89        <!-- android:value="${API_SERVICE_PROTOCOL}://${API_RELEASE_PATH}/${CONTEXT_PATH}/mobile/api/v3.0/secure" tools:replace="android:value"/> -->
90        <!-- <meta-data -->
91        <!-- android:name="com.clevel.goldinvest.android.API_BASE_URL" -->
92        <!-- android:value="${API_SERVICE_PROTOCOL}://${API_RELEASE_PATH}/${CONTEXT_PATH}/mobile/api/v3.0" tools:replace="android:value"/> -->
93        <!-- &lt;!&ndash;        <meta-data&ndash;&gt; -->
94        <!-- &lt;!&ndash;            android:name="com.clevel.goldinvest.android.FILE_UPLOAD_URL"&ndash;&gt; -->
95        <!-- &lt;!&ndash;            android:value="${API_SERVICE_PROTOCOL}://${API_RELEASE_PATH}/${CONTEXT_PATH}/mobile/upload" tools:replace="android:value"/>&ndash;&gt; -->
96        <!-- <meta-data -->
97        <!-- android:name="com.clevel.goldinvest.android.BRANCH_CODE" -->
98        <!-- android:value="${API_BRANCH_CODE}"/> -->
99        <!-- &lt;!&ndash;        &lt;!&ndash;        ws://localhost:8080/sctgoldFO/primepush/productPrice/100/ONLINE/A&ndash;&gt;&ndash;&gt; -->
100        <!-- <meta-data -->
101        <!-- android:name="com.clevel.goldinvest.android.FEED_SOCKET_URL" -->
102        <!-- android:value="${API_SOCKET_PROTOCOL}://${API_RELEASE_PATH}/${CONTEXT_PATH}/primepush/productPrice/${API_BRANCH_CODE}/ONLINE" tools:replace="android:value"/> -->
103        <!-- <meta-data -->
104        <!-- android:name="com.clevel.goldinvest.android.CONFIG_SOCKET_URL" -->
105        <!-- android:value="${API_SOCKET_PROTOCOL}://${API_RELEASE_PATH}/${CONTEXT_PATH}/primepush/mobileSystemUpdate" tools:replace="android:value"/> -->
106        <!-- <meta-data -->
107        <!-- android:name="com.clevel.goldinvest.android.EVENT_SOCKET_URL" -->
108        <!-- android:value="${API_SOCKET_PROTOCOL}://${API_RELEASE_PATH}/${CONTEXT_PATH}/primepush/mobileEventNotify" tools:replace="android:value"/> -->
109        <!-- <meta-data -->
110        <!-- android:name="com.clevel.goldinvest.android.SCT_API_URL" -->
111        <!-- android:value="http://www.sctgoldgroup.com:8080/sctAPIMobile/rest"/> -->
112
113        <meta-data
113-->src\main\AndroidManifest.xml:106:9-108:50
114            android:name="com.google.android.actions"
114-->src\main\AndroidManifest.xml:107:13-54
115            android:resource="@xml/file_paths" />
115-->src\main\AndroidManifest.xml:108:13-47
116
117        <activity
117-->src\main\AndroidManifest.xml:113:9-120:20
118            android:name="com.clevel.goldinvest.android.activities.LauncherActivity"
118-->src\main\AndroidManifest.xml:113:19-62
119            android:exported="true"
119-->src\main\AndroidManifest.xml:115:13-36
120            android:windowSoftInputMode="stateVisible" >
120-->src\main\AndroidManifest.xml:114:13-55
121            <intent-filter>
121-->src\main\AndroidManifest.xml:116:13-119:29
122                <action android:name="android.intent.action.MAIN" />
122-->src\main\AndroidManifest.xml:117:17-69
122-->src\main\AndroidManifest.xml:117:25-66
123
124                <category android:name="android.intent.category.LAUNCHER" />
124-->src\main\AndroidManifest.xml:118:17-77
124-->src\main\AndroidManifest.xml:118:27-74
125            </intent-filter>
126        </activity>
127        <activity
127-->src\main\AndroidManifest.xml:122:9-132:20
128            android:name="com.clevel.goldinvest.android.activities.MainActivity"
128-->src\main\AndroidManifest.xml:124:13-52
129            android:configChanges="uiMode"
129-->src\main\AndroidManifest.xml:125:13-43
130            android:exported="true"
130-->src\main\AndroidManifest.xml:123:13-36
131            android:launchMode="singleTop"
131-->src\main\AndroidManifest.xml:126:13-43
132            android:windowSoftInputMode="stateHidden|adjustResize" >
132-->src\main\AndroidManifest.xml:127:13-67
133            <intent-filter>
133-->src\main\AndroidManifest.xml:128:13-131:29
134                <action android:name=".MainActivity" />
134-->src\main\AndroidManifest.xml:129:17-56
134-->src\main\AndroidManifest.xml:129:25-53
135                <action android:name="android.intent.action.VIEW" />
135-->src\main\AndroidManifest.xml:130:17-69
135-->src\main\AndroidManifest.xml:130:25-66
136            </intent-filter>
137        </activity>
138        <activity
138-->src\main\AndroidManifest.xml:134:9-136:46
139            android:name="com.clevel.goldinvest.android.activities.HomeActivity"
139-->src\main\AndroidManifest.xml:135:13-52
140            android:configChanges="uiMode" />
140-->src\main\AndroidManifest.xml:136:13-43
141
142        <provider
143            android:name="androidx.core.content.FileProvider"
143-->src\main\AndroidManifest.xml:140:13-62
144            android:authorities="com.clevel.goldinvest.android.provider"
144-->src\main\AndroidManifest.xml:141:13-60
145            android:exported="false"
145-->src\main\AndroidManifest.xml:142:13-37
146            android:grantUriPermissions="true" >
146-->src\main\AndroidManifest.xml:143:13-47
147            <meta-data
147-->src\main\AndroidManifest.xml:144:13-146:54
148                android:name="android.support.FILE_PROVIDER_PATHS"
148-->src\main\AndroidManifest.xml:145:17-67
149                android:resource="@xml/file_paths" />
149-->src\main\AndroidManifest.xml:146:17-51
150        </provider>
151
152        <service
152-->src\main\AndroidManifest.xml:150:9-156:19
153            android:name="com.clevel.goldinvest.android.fcm.MyFirebaseInstanceIDService"
153-->src\main\AndroidManifest.xml:151:13-91
154            android:exported="false" >
154-->src\main\AndroidManifest.xml:152:13-37
155            <intent-filter>
155-->src\main\AndroidManifest.xml:153:13-155:29
156                <action android:name="com.google.firebase.INSTANCE_ID_EVENT" />
156-->src\main\AndroidManifest.xml:154:17-80
156-->src\main\AndroidManifest.xml:154:25-77
157            </intent-filter>
158        </service>
159        <service
159-->src\main\AndroidManifest.xml:158:9-164:19
160            android:name="com.clevel.goldinvest.android.fcm.MyFirebaseMessagingService"
160-->src\main\AndroidManifest.xml:159:13-59
161            android:exported="false" >
161-->src\main\AndroidManifest.xml:160:13-37
162            <intent-filter>
162-->src\main\AndroidManifest.xml:161:13-163:29
163                <action android:name="com.google.firebase.MESSAGING_EVENT" />
163-->src\main\AndroidManifest.xml:162:17-78
163-->src\main\AndroidManifest.xml:162:25-75
164            </intent-filter>
165        </service>
166
167        <!-- <receiver android:name=".BootReceiver" -->
168        <!-- android:exported="false"> -->
169        <!-- <intent-filter> -->
170        <!-- <action android:name="android.intent.action.BOOT_COMPLETED" /> -->
171        <!-- </intent-filter> -->
172        <!-- </receiver> -->
173
174        <meta-data
174-->src\main\AndroidManifest.xml:173:9-175:71
175            android:name="com.google.firebase.messaging.default_notification_channel_id"
175-->src\main\AndroidManifest.xml:174:13-89
176            android:value="@string/default_notification_channel_id" />
176-->src\main\AndroidManifest.xml:175:13-68
177        <meta-data
177-->src\main\AndroidManifest.xml:177:9-179:54
178            android:name="com.google.firebase.messaging.default_notification_icon"
178-->src\main\AndroidManifest.xml:178:13-83
179            android:resource="@mipmap/ic_launcher" />
179-->src\main\AndroidManifest.xml:179:13-51
180        <meta-data
180-->src\main\AndroidManifest.xml:181:9-183:47
181            android:name="com.google.firebase.messaging.default_notification_color"
181-->src\main\AndroidManifest.xml:182:13-84
182            android:resource="@color/white" />
182-->src\main\AndroidManifest.xml:183:13-44
183        <meta-data
183-->src\main\AndroidManifest.xml:185:9-187:66
184            android:name="com.google.android.geo.API_KEY"
184-->src\main\AndroidManifest.xml:186:13-58
185            android:value="@string/google_android_map_api_key" />
185-->src\main\AndroidManifest.xml:187:13-63
186        <meta-data
186-->src\main\AndroidManifest.xml:189:9-191:37
187            android:name="firebase_messaging_auto_init_enabled"
187-->src\main\AndroidManifest.xml:190:13-64
188            android:value="false" />
188-->src\main\AndroidManifest.xml:191:13-34
189        <meta-data
189-->src\main\AndroidManifest.xml:192:9-194:37
190            android:name="firebase_analytics_collection_enabled"
190-->src\main\AndroidManifest.xml:193:13-65
191            android:value="false" />
191-->src\main\AndroidManifest.xml:194:13-34
192
193        <activity android:name="com.clevel.goldinvest.android.activities.DetailsActivity" />
193-->src\main\AndroidManifest.xml:196:9-64
193-->src\main\AndroidManifest.xml:196:19-61
194
195        <service android:name="com.clevel.goldinvest.android.service.MobilePricingService" />
195-->src\main\AndroidManifest.xml:198:9-64
195-->src\main\AndroidManifest.xml:198:18-62
196
197        <receiver
197-->src\main\AndroidManifest.xml:200:9-211:20
198            android:name="com.clevel.goldinvest.android.ReplyReceiver"
198-->src\main\AndroidManifest.xml:200:19-48
199            android:enabled="true"
199-->src\main\AndroidManifest.xml:201:13-35
200            android:exported="false"
200-->src\main\AndroidManifest.xml:202:13-37
201            android:stopWithTask="false" >
201-->src\main\AndroidManifest.xml:201:37-65
202            <intent-filter>
202-->src\main\AndroidManifest.xml:203:13-210:29
203                <action android:name="com.simplemobiletools.applauncher.sendbroadcast" />
203-->src\main\AndroidManifest.xml:204:17-90
203-->src\main\AndroidManifest.xml:204:25-87
204                <action android:name="android.intent.action.BOOT_COMPLETED" />
204-->src\main\AndroidManifest.xml:205:17-79
204-->src\main\AndroidManifest.xml:205:25-76
205
206                <category android:name="android.intent.category.DEFAULT" />
206-->src\main\AndroidManifest.xml:206:17-76
206-->src\main\AndroidManifest.xml:206:27-73
207
208                <action android:name="android.intent.action.QUICKBOOT_POWERON" />
208-->src\main\AndroidManifest.xml:207:17-81
208-->src\main\AndroidManifest.xml:207:25-79
209                <action android:name="android.intent.action.INPUT_METHOD_CHANGED" />
209-->src\main\AndroidManifest.xml:208:17-85
209-->src\main\AndroidManifest.xml:208:25-82
210            </intent-filter>
211        </receiver>
212
213        <service
213-->[com.squareup.leakcanary:leakcanary-android:1.6.2] AndroidManifest.xml:29:9-32:45
214            android:name="com.squareup.leakcanary.internal.HeapAnalyzerService"
214-->[com.squareup.leakcanary:leakcanary-android:1.6.2] AndroidManifest.xml:30:13-80
215            android:enabled="false"
215-->[com.squareup.leakcanary:leakcanary-android:1.6.2] AndroidManifest.xml:31:13-36
216            android:process=":leakcanary" />
216-->[com.squareup.leakcanary:leakcanary-android:1.6.2] AndroidManifest.xml:32:13-42
217        <service
217-->[com.squareup.leakcanary:leakcanary-android:1.6.2] AndroidManifest.xml:33:9-36:45
218            android:name="com.squareup.leakcanary.DisplayLeakService"
218-->[com.squareup.leakcanary:leakcanary-android:1.6.2] AndroidManifest.xml:34:13-70
219            android:enabled="false"
219-->[com.squareup.leakcanary:leakcanary-android:1.6.2] AndroidManifest.xml:35:13-36
220            android:process=":leakcanary" />
220-->[com.squareup.leakcanary:leakcanary-android:1.6.2] AndroidManifest.xml:36:13-42
221
222        <provider
222-->[com.squareup.leakcanary:leakcanary-android:1.6.2] AndroidManifest.xml:38:9-46:20
223            android:name="com.squareup.leakcanary.internal.LeakCanaryFileProvider"
223-->[com.squareup.leakcanary:leakcanary-android:1.6.2] AndroidManifest.xml:39:13-83
224            android:authorities="com.squareup.leakcanary.fileprovider.com.clevel.goldinvest.android"
224-->[com.squareup.leakcanary:leakcanary-android:1.6.2] AndroidManifest.xml:40:13-88
225            android:exported="false"
225-->[com.squareup.leakcanary:leakcanary-android:1.6.2] AndroidManifest.xml:41:13-37
226            android:grantUriPermissions="true" >
226-->[com.squareup.leakcanary:leakcanary-android:1.6.2] AndroidManifest.xml:42:13-47
227            <meta-data
227-->src\main\AndroidManifest.xml:144:13-146:54
228                android:name="android.support.FILE_PROVIDER_PATHS"
228-->src\main\AndroidManifest.xml:145:17-67
229                android:resource="@xml/leak_canary_file_paths" />
229-->src\main\AndroidManifest.xml:146:17-51
230        </provider>
231
232        <activity
232-->[com.squareup.leakcanary:leakcanary-android:1.6.2] AndroidManifest.xml:48:9-61:20
233            android:name="com.squareup.leakcanary.internal.DisplayLeakActivity"
233-->[com.squareup.leakcanary:leakcanary-android:1.6.2] AndroidManifest.xml:49:13-80
234            android:enabled="false"
234-->[com.squareup.leakcanary:leakcanary-android:1.6.2] AndroidManifest.xml:50:13-36
235            android:icon="@mipmap/leak_canary_icon"
235-->[com.squareup.leakcanary:leakcanary-android:1.6.2] AndroidManifest.xml:51:13-52
236            android:label="@string/leak_canary_display_activity_label"
236-->[com.squareup.leakcanary:leakcanary-android:1.6.2] AndroidManifest.xml:52:13-71
237            android:process=":leakcanary"
237-->[com.squareup.leakcanary:leakcanary-android:1.6.2] AndroidManifest.xml:53:13-42
238            android:taskAffinity="com.squareup.leakcanary.com.clevel.goldinvest.android"
238-->[com.squareup.leakcanary:leakcanary-android:1.6.2] AndroidManifest.xml:54:13-76
239            android:theme="@style/leak_canary_LeakCanary.Base" >
239-->[com.squareup.leakcanary:leakcanary-android:1.6.2] AndroidManifest.xml:55:13-63
240            <intent-filter>
240-->src\main\AndroidManifest.xml:116:13-119:29
241                <action android:name="android.intent.action.MAIN" />
241-->src\main\AndroidManifest.xml:117:17-69
241-->src\main\AndroidManifest.xml:117:25-66
242
243                <category android:name="android.intent.category.LAUNCHER" />
243-->src\main\AndroidManifest.xml:118:17-77
243-->src\main\AndroidManifest.xml:118:27-74
244            </intent-filter>
245        </activity>
246        <activity
246-->[com.squareup.leakcanary:leakcanary-android:1.6.2] AndroidManifest.xml:62:9-71:68
247            android:name="com.squareup.leakcanary.internal.RequestStoragePermissionActivity"
247-->[com.squareup.leakcanary:leakcanary-android:1.6.2] AndroidManifest.xml:63:13-93
248            android:enabled="false"
248-->[com.squareup.leakcanary:leakcanary-android:1.6.2] AndroidManifest.xml:64:13-36
249            android:excludeFromRecents="true"
249-->[com.squareup.leakcanary:leakcanary-android:1.6.2] AndroidManifest.xml:65:13-46
250            android:icon="@mipmap/leak_canary_icon"
250-->[com.squareup.leakcanary:leakcanary-android:1.6.2] AndroidManifest.xml:66:13-52
251            android:label="@string/leak_canary_storage_permission_activity_label"
251-->[com.squareup.leakcanary:leakcanary-android:1.6.2] AndroidManifest.xml:67:13-82
252            android:process=":leakcanary"
252-->[com.squareup.leakcanary:leakcanary-android:1.6.2] AndroidManifest.xml:68:13-42
253            android:roundIcon="@mipmap/leak_canary_icon"
253-->[com.squareup.leakcanary:leakcanary-android:1.6.2] AndroidManifest.xml:69:13-57
254            android:taskAffinity="com.squareup.leakcanary.com.clevel.goldinvest.android"
254-->[com.squareup.leakcanary:leakcanary-android:1.6.2] AndroidManifest.xml:70:13-76
255            android:theme="@style/leak_canary_Theme.Transparent" />
255-->[com.squareup.leakcanary:leakcanary-android:1.6.2] AndroidManifest.xml:71:13-65
256
257        <provider
257-->[com.google.firebase:firebase-perf:19.1.1] AndroidManifest.xml:14:9-18:39
258            android:name="com.google.firebase.perf.provider.FirebasePerfProvider"
258-->[com.google.firebase:firebase-perf:19.1.1] AndroidManifest.xml:15:13-82
259            android:authorities="com.clevel.goldinvest.android.firebaseperfprovider"
259-->[com.google.firebase:firebase-perf:19.1.1] AndroidManifest.xml:16:13-72
260            android:exported="false"
260-->[com.google.firebase:firebase-perf:19.1.1] AndroidManifest.xml:17:13-37
261            android:initOrder="101" />
261-->[com.google.firebase:firebase-perf:19.1.1] AndroidManifest.xml:18:13-36
262
263        <service
263-->[com.google.firebase:firebase-perf:19.1.1] AndroidManifest.xml:20:9-26:19
264            android:name="com.google.firebase.components.ComponentDiscoveryService"
264-->[com.google.firebase:firebase-perf:19.1.1] AndroidManifest.xml:21:13-84
265            android:directBootAware="true"
265-->[com.google.firebase:firebase-common:19.5.0] AndroidManifest.xml:35:13-43
266            android:exported="false" >
266-->[com.google.firebase:firebase-perf:19.1.1] AndroidManifest.xml:22:13-37
267            <meta-data
267-->[com.google.firebase:firebase-perf:19.1.1] AndroidManifest.xml:23:13-25:85
268                android:name="com.google.firebase.components:com.google.firebase.perf.FirebasePerfRegistrar"
268-->[com.google.firebase:firebase-perf:19.1.1] AndroidManifest.xml:24:17-109
269                android:value="com.google.firebase.components.ComponentRegistrar" />
269-->[com.google.firebase:firebase-perf:19.1.1] AndroidManifest.xml:25:17-82
270            <meta-data
270-->[com.google.firebase:firebase-messaging:21.0.1] AndroidManifest.xml:39:13-41:85
271                android:name="com.google.firebase.components:com.google.firebase.messaging.FirebaseMessagingRegistrar"
271-->[com.google.firebase:firebase-messaging:21.0.1] AndroidManifest.xml:40:17-119
272                android:value="com.google.firebase.components.ComponentRegistrar" />
272-->[com.google.firebase:firebase-messaging:21.0.1] AndroidManifest.xml:41:17-82
273            <meta-data
273-->[com.google.firebase:firebase-iid:21.0.1] AndroidManifest.xml:32:13-34:85
274                android:name="com.google.firebase.components:com.google.firebase.iid.Registrar"
274-->[com.google.firebase:firebase-iid:21.0.1] AndroidManifest.xml:33:17-96
275                android:value="com.google.firebase.components.ComponentRegistrar" />
275-->[com.google.firebase:firebase-iid:21.0.1] AndroidManifest.xml:34:17-82
276            <meta-data
276-->[com.google.android.gms:play-services-measurement-api:18.0.2] AndroidManifest.xml:30:13-32:85
277                android:name="com.google.firebase.components:com.google.firebase.analytics.connector.internal.AnalyticsConnectorRegistrar"
277-->[com.google.android.gms:play-services-measurement-api:18.0.2] AndroidManifest.xml:31:17-139
278                android:value="com.google.firebase.components.ComponentRegistrar" />
278-->[com.google.android.gms:play-services-measurement-api:18.0.2] AndroidManifest.xml:32:17-82
279            <meta-data
279-->[com.google.firebase:firebase-config:20.0.2] AndroidManifest.xml:32:13-34:85
280                android:name="com.google.firebase.components:com.google.firebase.remoteconfig.RemoteConfigRegistrar"
280-->[com.google.firebase:firebase-config:20.0.2] AndroidManifest.xml:33:17-117
281                android:value="com.google.firebase.components.ComponentRegistrar" />
281-->[com.google.firebase:firebase-config:20.0.2] AndroidManifest.xml:34:17-82
282            <meta-data
282-->[com.google.firebase:firebase-installations:16.3.5] AndroidManifest.xml:18:13-20:85
283                android:name="com.google.firebase.components:com.google.firebase.installations.FirebaseInstallationsRegistrar"
283-->[com.google.firebase:firebase-installations:16.3.5] AndroidManifest.xml:19:17-127
284                android:value="com.google.firebase.components.ComponentRegistrar" />
284-->[com.google.firebase:firebase-installations:16.3.5] AndroidManifest.xml:20:17-82
285            <meta-data
285-->[com.google.firebase:firebase-datatransport:17.0.11] AndroidManifest.xml:28:13-30:85
286                android:name="com.google.firebase.components:com.google.firebase.datatransport.TransportRegistrar"
286-->[com.google.firebase:firebase-datatransport:17.0.11] AndroidManifest.xml:29:17-115
287                android:value="com.google.firebase.components.ComponentRegistrar" />
287-->[com.google.firebase:firebase-datatransport:17.0.11] AndroidManifest.xml:30:17-82
288            <meta-data
288-->[com.google.firebase:firebase-abt:20.0.0] AndroidManifest.xml:13:13-15:85
289                android:name="com.google.firebase.components:com.google.firebase.abt.component.AbtRegistrar"
289-->[com.google.firebase:firebase-abt:20.0.0] AndroidManifest.xml:14:17-109
290                android:value="com.google.firebase.components.ComponentRegistrar" />
290-->[com.google.firebase:firebase-abt:20.0.0] AndroidManifest.xml:15:17-82
291            <!--
292                This registrar is not defined in the dynamic-module-support sdk itself to allow non-firebase
293                clients to use it as well, by defining this registrar in their own core/common library.
294            -->
295            <meta-data
295-->[com.google.firebase:firebase-common:19.5.0] AndroidManifest.xml:43:13-45:85